<?xml version="1.0" encoding="UTF-8"?>
<Site BuildName="Linux-c++"
	BuildStamp="20250208-0745-Experimental"
	Name="mikhail-pc"
	Generator="ctest-3.28.3"
	CompilerName="/usr/bin/c++"
	CompilerVersion="13.3.0"
	OSName="Linux"
	Hostname="mikhail-pc"
	OSRelease="6.8.0-52-generic"
	OSVersion="#53-Ubuntu SMP PREEMPT_DYNAMIC Sat Jan 11 00:06:25 UTC 2025"
	OSPlatform="x86_64"
	Is64Bits="1"
	VendorString="GenuineIntel"
	VendorID="Intel Corporation"
	FamilyID="6"
	ModelID="151"
	ProcessorCacheSize="18432"
	NumberOfLogicalCPU="12"
	NumberOfPhysicalCPU="6"
	TotalVirtualMemory="511"
	TotalPhysicalMemory="31926"
	LogicalProcessorsPerPhysical="2"
	ProcessorClockFrequency="4001.84"
	>
	<Testing>
		<StartDateTime>Feb 08 08:47 CET</StartDateTime>
		<StartTestTime>1739000839</StartTestTime>
		<TestList/>
		<EndDateTime>Feb 08 08:47 CET</EndDateTime>
		<EndTestTime>1739000839</EndTestTime>
		<ElapsedMinutes>0</ElapsedMinutes>
	</Testing>
</Site>
